{"C:\\Users\\hp\\Desktop\\projects\\user-management-dashboard\\src\\composables\\usePagination.ts": {"path":"C:\\Users\\hp\\Desktop\\projects\\user-management-dashboard\\src\\composables\\usePagination.ts","all":false,"statementMap":{"0":{"start":{"line":1,"column":0},"end":{"line":1,"column":36}},"2":{"start":{"line":3,"column":0},"end":{"line":3,"column":69}},"3":{"start":{"line":4,"column":0},"end":{"line":4,"column":29}},"4":{"start":{"line":5,"column":0},"end":{"line":5,"column":40}},"5":{"start":{"line":6,"column":0},"end":{"line":6,"column":37}},"7":{"start":{"line":8,"column":0},"end":{"line":8,"column":35}},"8":{"start":{"line":9,"column":0},"end":{"line":9,"column":48}},"9":{"start":{"line":10,"column":0},"end":{"line":10,"column":4}},"11":{"start":{"line":12,"column":0},"end":{"line":12,"column":34}},"12":{"start":{"line":13,"column":0},"end":{"line":13,"column":47}},"13":{"start":{"line":14,"column":0},"end":{"line":14,"column":31}},"14":{"start":{"line":15,"column":0},"end":{"line":15,"column":5}},"15":{"start":{"line":16,"column":0},"end":{"line":16,"column":3}},"17":{"start":{"line":18,"column":0},"end":{"line":18,"column":44}},"18":{"start":{"line":19,"column":0},"end":{"line":19,"column":29}},"19":{"start":{"line":20,"column":0},"end":{"line":20,"column":3}},"21":{"start":{"line":22,"column":0},"end":{"line":22,"column":10}},"22":{"start":{"line":23,"column":0},"end":{"line":23,"column":16}},"23":{"start":{"line":24,"column":0},"end":{"line":24,"column":13}},"24":{"start":{"line":25,"column":0},"end":{"line":25,"column":15}},"25":{"start":{"line":26,"column":0},"end":{"line":26,"column":15}},"26":{"start":{"line":27,"column":0},"end":{"line":27,"column":12}},"27":{"start":{"line":28,"column":0},"end":{"line":28,"column":21}},"28":{"start":{"line":29,"column":0},"end":{"line":29,"column":4}},"29":{"start":{"line":30,"column":0},"end":{"line":30,"column":1}}},"s":{"0":1,"2":1,"3":16,"4":16,"5":16,"7":16,"8":0,"9":16,"11":16,"12":0,"13":0,"14":0,"15":0,"17":16,"18":1,"19":1,"21":16,"22":16,"23":16,"24":16,"25":16,"26":16,"27":16,"28":16,"29":16},"branchMap":{"0":{"type":"branch","line":3,"loc":{"start":{"line":3,"column":7},"end":{"line":30,"column":1}},"locations":[{"start":{"line":3,"column":7},"end":{"line":30,"column":1}}]},"1":{"type":"branch","line":18,"loc":{"start":{"line":18,"column":2},"end":{"line":20,"column":3}},"locations":[{"start":{"line":18,"column":2},"end":{"line":20,"column":3}}]}},"b":{"0":[16],"1":[1]},"fnMap":{"0":{"name":"usePagination","decl":{"start":{"line":3,"column":7},"end":{"line":30,"column":1}},"loc":{"start":{"line":3,"column":7},"end":{"line":30,"column":1}},"line":3},"1":{"name":"setPage","decl":{"start":{"line":12,"column":2},"end":{"line":16,"column":3}},"loc":{"start":{"line":12,"column":2},"end":{"line":16,"column":3}},"line":12},"2":{"name":"updateTotalItems","decl":{"start":{"line":18,"column":2},"end":{"line":20,"column":3}},"loc":{"start":{"line":18,"column":2},"end":{"line":20,"column":3}},"line":18}},"f":{"0":16,"1":0,"2":1}}
,"C:\\Users\\hp\\Desktop\\projects\\user-management-dashboard\\src\\composables\\useSorting.ts": {"path":"C:\\Users\\hp\\Desktop\\projects\\user-management-dashboard\\src\\composables\\useSorting.ts","all":false,"statementMap":{"0":{"start":{"line":1,"column":0},"end":{"line":1,"column":26}},"3":{"start":{"line":4,"column":0},"end":{"line":4,"column":27}},"4":{"start":{"line":5,"column":0},"end":{"line":5,"column":36}},"5":{"start":{"line":6,"column":0},"end":{"line":6,"column":38}},"6":{"start":{"line":7,"column":0},"end":{"line":7,"column":3}},"7":{"start":{"line":8,"column":0},"end":{"line":8,"column":47}},"8":{"start":{"line":9,"column":0},"end":{"line":9,"column":54}},"10":{"start":{"line":11,"column":0},"end":{"line":11,"column":45}},"11":{"start":{"line":12,"column":0},"end":{"line":12,"column":33}},"12":{"start":{"line":13,"column":0},"end":{"line":13,"column":67}},"13":{"start":{"line":14,"column":0},"end":{"line":14,"column":12}},"14":{"start":{"line":15,"column":0},"end":{"line":15,"column":27}},"15":{"start":{"line":16,"column":0},"end":{"line":16,"column":30}},"16":{"start":{"line":17,"column":0},"end":{"line":17,"column":5}},"17":{"start":{"line":18,"column":0},"end":{"line":18,"column":3}},"19":{"start":{"line":20,"column":0},"end":{"line":20,"column":10}},"20":{"start":{"line":21,"column":0},"end":{"line":21,"column":11}},"21":{"start":{"line":22,"column":0},"end":{"line":22,"column":14}},"22":{"start":{"line":23,"column":0},"end":{"line":23,"column":18}},"23":{"start":{"line":24,"column":0},"end":{"line":24,"column":4}},"24":{"start":{"line":25,"column":0},"end":{"line":25,"column":1}}},"s":{"0":1,"3":1,"4":16,"5":16,"6":16,"7":16,"8":16,"10":16,"11":0,"12":0,"13":0,"14":0,"15":0,"16":0,"17":0,"19":16,"20":16,"21":16,"22":16,"23":16,"24":16},"branchMap":{"0":{"type":"branch","line":4,"loc":{"start":{"line":4,"column":7},"end":{"line":25,"column":1}},"locations":[{"start":{"line":4,"column":7},"end":{"line":25,"column":1}}]}},"b":{"0":[16]},"fnMap":{"0":{"name":"useSorting","decl":{"start":{"line":4,"column":7},"end":{"line":25,"column":1}},"loc":{"start":{"line":4,"column":7},"end":{"line":25,"column":1}},"line":4},"1":{"name":"updateSorting","decl":{"start":{"line":11,"column":2},"end":{"line":18,"column":3}},"loc":{"start":{"line":11,"column":2},"end":{"line":18,"column":3}},"line":11}},"f":{"0":16,"1":0}}
,"C:\\Users\\hp\\Desktop\\projects\\user-management-dashboard\\src\\store\\userStore.ts": {"path":"C:\\Users\\hp\\Desktop\\projects\\user-management-dashboard\\src\\store\\userStore.ts","all":false,"statementMap":{"0":{"start":{"line":1,"column":0},"end":{"line":1,"column":36}},"1":{"start":{"line":2,"column":0},"end":{"line":2,"column":36}},"2":{"start":{"line":3,"column":0},"end":{"line":3,"column":55}},"3":{"start":{"line":4,"column":0},"end":{"line":4,"column":61}},"5":{"start":{"line":6,"column":0},"end":{"line":6,"column":8}},"14":{"start":{"line":15,"column":0},"end":{"line":15,"column":55}},"16":{"start":{"line":17,"column":0},"end":{"line":17,"column":32}},"17":{"start":{"line":18,"column":0},"end":{"line":18,"column":28}},"18":{"start":{"line":19,"column":0},"end":{"line":19,"column":34}},"19":{"start":{"line":20,"column":0},"end":{"line":20,"column":29}},"20":{"start":{"line":21,"column":0},"end":{"line":21,"column":41}},"22":{"start":{"line":23,"column":0},"end":{"line":23,"column":30}},"23":{"start":{"line":24,"column":0},"end":{"line":24,"column":31}},"24":{"start":{"line":25,"column":0},"end":{"line":25,"column":33}},"27":{"start":{"line":28,"column":0},"end":{"line":28,"column":45}},"30":{"start":{"line":31,"column":0},"end":{"line":31,"column":65}},"31":{"start":{"line":32,"column":0},"end":{"line":32,"column":20}},"35":{"start":{"line":36,"column":0},"end":{"line":36,"column":30}},"36":{"start":{"line":37,"column":0},"end":{"line":37,"column":25}},"37":{"start":{"line":38,"column":0},"end":{"line":38,"column":23}},"38":{"start":{"line":39,"column":0},"end":{"line":39,"column":9}},"39":{"start":{"line":40,"column":0},"end":{"line":40,"column":38}},"40":{"start":{"line":41,"column":0},"end":{"line":41,"column":26}},"41":{"start":{"line":42,"column":0},"end":{"line":42,"column":27}},"42":{"start":{"line":43,"column":0},"end":{"line":43,"column":29}},"43":{"start":{"line":44,"column":0},"end":{"line":44,"column":26}},"44":{"start":{"line":45,"column":0},"end":{"line":45,"column":23}},"45":{"start":{"line":46,"column":0},"end":{"line":46,"column":21}},"46":{"start":{"line":47,"column":0},"end":{"line":47,"column":23}},"47":{"start":{"line":48,"column":0},"end":{"line":48,"column":8}},"48":{"start":{"line":49,"column":0},"end":{"line":49,"column":35}},"49":{"start":{"line":50,"column":0},"end":{"line":50,"column":39}},"50":{"start":{"line":51,"column":0},"end":{"line":51,"column":19}},"51":{"start":{"line":52,"column":0},"end":{"line":52,"column":43}},"52":{"start":{"line":53,"column":0},"end":{"line":53,"column":15}},"53":{"start":{"line":54,"column":0},"end":{"line":54,"column":28}},"54":{"start":{"line":55,"column":0},"end":{"line":55,"column":5}},"55":{"start":{"line":56,"column":0},"end":{"line":56,"column":3}},"58":{"start":{"line":59,"column":0},"end":{"line":59,"column":30}},"59":{"start":{"line":60,"column":0},"end":{"line":60,"column":25}},"60":{"start":{"line":61,"column":0},"end":{"line":61,"column":9}},"61":{"start":{"line":62,"column":0},"end":{"line":62,"column":37}},"62":{"start":{"line":63,"column":0},"end":{"line":63,"column":19}},"63":{"start":{"line":64,"column":0},"end":{"line":64,"column":43}},"64":{"start":{"line":65,"column":0},"end":{"line":65,"column":15}},"65":{"start":{"line":66,"column":0},"end":{"line":66,"column":28}},"66":{"start":{"line":67,"column":0},"end":{"line":67,"column":5}},"67":{"start":{"line":68,"column":0},"end":{"line":68,"column":3}},"70":{"start":{"line":71,"column":0},"end":{"line":71,"column":44}},"71":{"start":{"line":72,"column":0},"end":{"line":72,"column":25}},"72":{"start":{"line":73,"column":0},"end":{"line":73,"column":9}},"73":{"start":{"line":74,"column":0},"end":{"line":74,"column":35}},"74":{"start":{"line":75,"column":0},"end":{"line":75,"column":19}},"75":{"start":{"line":76,"column":0},"end":{"line":76,"column":51}},"76":{"start":{"line":77,"column":0},"end":{"line":77,"column":18}},"77":{"start":{"line":78,"column":0},"end":{"line":78,"column":15}},"78":{"start":{"line":79,"column":0},"end":{"line":79,"column":28}},"79":{"start":{"line":80,"column":0},"end":{"line":80,"column":5}},"80":{"start":{"line":81,"column":0},"end":{"line":81,"column":3}},"83":{"start":{"line":84,"column":0},"end":{"line":84,"column":50}},"84":{"start":{"line":85,"column":0},"end":{"line":85,"column":25}},"85":{"start":{"line":86,"column":0},"end":{"line":86,"column":9}},"86":{"start":{"line":87,"column":0},"end":{"line":87,"column":52}},"87":{"start":{"line":88,"column":0},"end":{"line":88,"column":63}},"88":{"start":{"line":89,"column":0},"end":{"line":89,"column":19}},"89":{"start":{"line":90,"column":0},"end":{"line":90,"column":41}},"90":{"start":{"line":91,"column":0},"end":{"line":91,"column":15}},"91":{"start":{"line":92,"column":0},"end":{"line":92,"column":28}},"92":{"start":{"line":93,"column":0},"end":{"line":93,"column":5}},"93":{"start":{"line":94,"column":0},"end":{"line":94,"column":3}},"96":{"start":{"line":97,"column":0},"end":{"line":97,"column":67}},"97":{"start":{"line":98,"column":0},"end":{"line":98,"column":66}},"98":{"start":{"line":99,"column":0},"end":{"line":99,"column":29}},"100":{"start":{"line":101,"column":0},"end":{"line":101,"column":56}},"101":{"start":{"line":102,"column":0},"end":{"line":102,"column":88}},"103":{"start":{"line":104,"column":0},"end":{"line":104,"column":9}},"104":{"start":{"line":105,"column":0},"end":{"line":105,"column":40}},"105":{"start":{"line":106,"column":0},"end":{"line":106,"column":19}},"106":{"start":{"line":107,"column":0},"end":{"line":107,"column":58}},"107":{"start":{"line":108,"column":0},"end":{"line":108,"column":44}},"108":{"start":{"line":109,"column":0},"end":{"line":109,"column":5}},"109":{"start":{"line":110,"column":0},"end":{"line":110,"column":3}},"112":{"start":{"line":113,"column":0},"end":{"line":113,"column":41}},"113":{"start":{"line":114,"column":0},"end":{"line":114,"column":66}},"114":{"start":{"line":115,"column":0},"end":{"line":115,"column":29}},"116":{"start":{"line":117,"column":0},"end":{"line":117,"column":53}},"117":{"start":{"line":118,"column":0},"end":{"line":118,"column":55}},"119":{"start":{"line":120,"column":0},"end":{"line":120,"column":9}},"120":{"start":{"line":121,"column":0},"end":{"line":121,"column":27}},"121":{"start":{"line":122,"column":0},"end":{"line":122,"column":19}},"122":{"start":{"line":123,"column":0},"end":{"line":123,"column":71}},"123":{"start":{"line":124,"column":0},"end":{"line":124,"column":44}},"124":{"start":{"line":125,"column":0},"end":{"line":125,"column":5}},"125":{"start":{"line":126,"column":0},"end":{"line":126,"column":3}},"128":{"start":{"line":129,"column":0},"end":{"line":129,"column":45}},"129":{"start":{"line":130,"column":0},"end":{"line":130,"column":33}},"130":{"start":{"line":131,"column":0},"end":{"line":131,"column":67}},"131":{"start":{"line":132,"column":0},"end":{"line":132,"column":12}},"132":{"start":{"line":133,"column":0},"end":{"line":133,"column":27}},"133":{"start":{"line":134,"column":0},"end":{"line":134,"column":30}},"134":{"start":{"line":135,"column":0},"end":{"line":135,"column":5}},"135":{"start":{"line":136,"column":0},"end":{"line":136,"column":16}},"136":{"start":{"line":137,"column":0},"end":{"line":137,"column":3}},"139":{"start":{"line":140,"column":0},"end":{"line":140,"column":34}},"140":{"start":{"line":141,"column":0},"end":{"line":141,"column":47}},"141":{"start":{"line":142,"column":0},"end":{"line":142,"column":31}},"142":{"start":{"line":143,"column":0},"end":{"line":143,"column":18}},"143":{"start":{"line":144,"column":0},"end":{"line":144,"column":5}},"144":{"start":{"line":145,"column":0},"end":{"line":145,"column":3}},"146":{"start":{"line":147,"column":0},"end":{"line":147,"column":10}},"147":{"start":{"line":148,"column":0},"end":{"line":148,"column":10}},"148":{"start":{"line":149,"column":0},"end":{"line":149,"column":10}},"149":{"start":{"line":150,"column":0},"end":{"line":150,"column":12}},"150":{"start":{"line":151,"column":0},"end":{"line":151,"column":10}},"151":{"start":{"line":152,"column":0},"end":{"line":152,"column":16}},"152":{"start":{"line":153,"column":0},"end":{"line":153,"column":17}},"153":{"start":{"line":154,"column":0},"end":{"line":154,"column":19}},"154":{"start":{"line":155,"column":0},"end":{"line":155,"column":16}},"155":{"start":{"line":156,"column":0},"end":{"line":156,"column":13}},"156":{"start":{"line":157,"column":0},"end":{"line":157,"column":15}},"157":{"start":{"line":158,"column":0},"end":{"line":158,"column":11}},"158":{"start":{"line":159,"column":0},"end":{"line":159,"column":14}},"159":{"start":{"line":160,"column":0},"end":{"line":160,"column":12}},"160":{"start":{"line":161,"column":0},"end":{"line":161,"column":14}},"161":{"start":{"line":162,"column":0},"end":{"line":162,"column":14}},"162":{"start":{"line":163,"column":0},"end":{"line":163,"column":18}},"163":{"start":{"line":164,"column":0},"end":{"line":164,"column":12}},"164":{"start":{"line":165,"column":0},"end":{"line":165,"column":13}},"165":{"start":{"line":166,"column":0},"end":{"line":166,"column":15}},"166":{"start":{"line":167,"column":0},"end":{"line":167,"column":18}},"167":{"start":{"line":168,"column":0},"end":{"line":168,"column":4}},"168":{"start":{"line":169,"column":0},"end":{"line":169,"column":3}}},"s":{"0":1,"1":1,"2":1,"3":1,"5":1,"14":1,"16":16,"17":16,"18":16,"19":16,"20":16,"22":16,"23":16,"24":16,"27":16,"30":16,"31":16,"35":16,"36":4,"37":4,"38":4,"39":4,"40":4,"41":4,"42":4,"43":4,"44":4,"45":4,"46":4,"47":4,"48":1,"49":1,"50":4,"51":3,"52":4,"53":4,"54":4,"55":4,"58":16,"59":2,"60":2,"61":2,"62":1,"63":1,"64":2,"65":2,"66":2,"67":2,"70":16,"71":2,"72":2,"73":2,"74":2,"75":1,"76":1,"77":2,"78":2,"79":2,"80":2,"83":16,"84":2,"85":2,"86":2,"87":1,"88":1,"89":1,"90":2,"91":2,"92":2,"93":2,"96":16,"97":3,"98":3,"100":2,"101":2,"103":2,"104":2,"105":1,"106":1,"107":1,"108":1,"109":3,"112":16,"113":3,"114":3,"116":2,"117":2,"119":2,"120":2,"121":1,"122":1,"123":1,"124":1,"125":3,"128":16,"129":2,"130":1,"131":1,"132":1,"133":1,"134":1,"135":2,"136":2,"139":16,"140":0,"141":0,"142":0,"143":0,"144":0,"146":16,"147":16,"148":16,"149":16,"150":16,"151":16,"152":16,"153":16,"154":16,"155":16,"156":16,"157":16,"158":16,"159":16,"160":16,"161":16,"162":16,"163":16,"164":16,"165":16,"166":16,"167":16,"168":16},"branchMap":{"0":{"type":"branch","line":15,"loc":{"start":{"line":15,"column":48},"end":{"line":169,"column":3}},"locations":[{"start":{"line":15,"column":48},"end":{"line":169,"column":3}}]},"1":{"type":"branch","line":36,"loc":{"start":{"line":36,"column":2},"end":{"line":56,"column":3}},"locations":[{"start":{"line":36,"column":2},"end":{"line":56,"column":3}}]},"2":{"type":"branch","line":48,"loc":{"start":{"line":48,"column":6},"end":{"line":51,"column":13}},"locations":[{"start":{"line":48,"column":6},"end":{"line":51,"column":13}}]},"3":{"type":"branch","line":51,"loc":{"start":{"line":51,"column":4},"end":{"line":53,"column":6}},"locations":[{"start":{"line":51,"column":4},"end":{"line":53,"column":6}}]},"4":{"type":"branch","line":59,"loc":{"start":{"line":59,"column":2},"end":{"line":68,"column":3}},"locations":[{"start":{"line":59,"column":2},"end":{"line":68,"column":3}}]},"5":{"type":"branch","line":62,"loc":{"start":{"line":62,"column":35},"end":{"line":65,"column":6}},"locations":[{"start":{"line":62,"column":35},"end":{"line":65,"column":6}}]},"6":{"type":"branch","line":71,"loc":{"start":{"line":71,"column":2},"end":{"line":81,"column":3}},"locations":[{"start":{"line":71,"column":2},"end":{"line":81,"column":3}}]},"7":{"type":"branch","line":75,"loc":{"start":{"line":75,"column":4},"end":{"line":78,"column":6}},"locations":[{"start":{"line":75,"column":4},"end":{"line":78,"column":6}}]},"8":{"type":"branch","line":78,"loc":{"start":{"line":78,"column":4},"end":{"line":78,"column":6}},"locations":[{"start":{"line":78,"column":4},"end":{"line":78,"column":6}}]},"9":{"type":"branch","line":84,"loc":{"start":{"line":84,"column":2},"end":{"line":94,"column":3}},"locations":[{"start":{"line":84,"column":2},"end":{"line":94,"column":3}}]},"10":{"type":"branch","line":87,"loc":{"start":{"line":87,"column":50},"end":{"line":91,"column":6}},"locations":[{"start":{"line":87,"column":50},"end":{"line":91,"column":6}}]},"11":{"type":"branch","line":97,"loc":{"start":{"line":97,"column":2},"end":{"line":110,"column":3}},"locations":[{"start":{"line":97,"column":2},"end":{"line":110,"column":3}}]},"12":{"type":"branch","line":99,"loc":{"start":{"line":99,"column":22},"end":{"line":99,"column":29}},"locations":[{"start":{"line":99,"column":22},"end":{"line":99,"column":29}}]},"13":{"type":"branch","line":99,"loc":{"start":{"line":99,"column":22},"end":{"line":105,"column":40}},"locations":[{"start":{"line":99,"column":22},"end":{"line":105,"column":40}}]},"14":{"type":"branch","line":105,"loc":{"start":{"line":105,"column":38},"end":{"line":109,"column":5}},"locations":[{"start":{"line":105,"column":38},"end":{"line":109,"column":5}}]},"15":{"type":"branch","line":98,"loc":{"start":{"line":98,"column":40},"end":{"line":98,"column":64}},"locations":[{"start":{"line":98,"column":40},"end":{"line":98,"column":64}}]},"16":{"type":"branch","line":113,"loc":{"start":{"line":113,"column":2},"end":{"line":126,"column":3}},"locations":[{"start":{"line":113,"column":2},"end":{"line":126,"column":3}}]},"17":{"type":"branch","line":115,"loc":{"start":{"line":115,"column":22},"end":{"line":115,"column":29}},"locations":[{"start":{"line":115,"column":22},"end":{"line":115,"column":29}}]},"18":{"type":"branch","line":115,"loc":{"start":{"line":115,"column":22},"end":{"line":121,"column":27}},"locations":[{"start":{"line":115,"column":22},"end":{"line":121,"column":27}}]},"19":{"type":"branch","line":121,"loc":{"start":{"line":121,"column":25},"end":{"line":125,"column":5}},"locations":[{"start":{"line":121,"column":25},"end":{"line":125,"column":5}}]},"20":{"type":"branch","line":114,"loc":{"start":{"line":114,"column":40},"end":{"line":114,"column":64}},"locations":[{"start":{"line":114,"column":40},"end":{"line":114,"column":64}}]},"21":{"type":"branch","line":129,"loc":{"start":{"line":129,"column":2},"end":{"line":137,"column":3}},"locations":[{"start":{"line":129,"column":2},"end":{"line":137,"column":3}}]},"22":{"type":"branch","line":130,"loc":{"start":{"line":130,"column":32},"end":{"line":135,"column":5}},"locations":[{"start":{"line":130,"column":32},"end":{"line":135,"column":5}}]},"23":{"type":"branch","line":131,"loc":{"start":{"line":131,"column":52},"end":{"line":131,"column":67}},"locations":[{"start":{"line":131,"column":52},"end":{"line":131,"column":67}}]}},"b":{"0":[16],"1":[4],"2":[1],"3":[3],"4":[2],"5":[1],"6":[2],"7":[1],"8":[0],"9":[2],"10":[1],"11":[3],"12":[1],"13":[2],"14":[1],"15":[3],"16":[3],"17":[1],"18":[2],"19":[1],"20":[3],"21":[2],"22":[1],"23":[0]},"fnMap":{"0":{"name":"loadUsers","decl":{"start":{"line":36,"column":2},"end":{"line":56,"column":3}},"loc":{"start":{"line":36,"column":2},"end":{"line":56,"column":3}},"line":36},"1":{"name":"loadRoles","decl":{"start":{"line":59,"column":2},"end":{"line":68,"column":3}},"loc":{"start":{"line":59,"column":2},"end":{"line":68,"column":3}},"line":59},"2":{"name":"fetchUserById","decl":{"start":{"line":71,"column":2},"end":{"line":81,"column":3}},"loc":{"start":{"line":71,"column":2},"end":{"line":81,"column":3}},"line":71},"3":{"name":"addUser","decl":{"start":{"line":84,"column":2},"end":{"line":94,"column":3}},"loc":{"start":{"line":84,"column":2},"end":{"line":94,"column":3}},"line":84},"4":{"name":"editUser","decl":{"start":{"line":97,"column":2},"end":{"line":110,"column":3}},"loc":{"start":{"line":97,"column":2},"end":{"line":110,"column":3}},"line":97},"5":{"name":"removeUser","decl":{"start":{"line":113,"column":2},"end":{"line":126,"column":3}},"loc":{"start":{"line":113,"column":2},"end":{"line":126,"column":3}},"line":113},"6":{"name":"updateSorting","decl":{"start":{"line":129,"column":2},"end":{"line":137,"column":3}},"loc":{"start":{"line":129,"column":2},"end":{"line":137,"column":3}},"line":129},"7":{"name":"setPage","decl":{"start":{"line":140,"column":2},"end":{"line":145,"column":3}},"loc":{"start":{"line":140,"column":2},"end":{"line":145,"column":3}},"line":140}},"f":{"0":4,"1":2,"2":2,"3":2,"4":3,"5":3,"6":2,"7":0}}
}
